2023-12-30 11:39:29 
2023-12-30 11:39:29   .   ____          _            __ _ _
2023-12-30 11:39:29  /\\ / ___'_ __ _ _(_)_ __  __ _ \ \ \ \
2023-12-30 11:39:29 ( ( )\___ | '_ | '_| | '_ \/ _` | \ \ \ \
2023-12-30 11:39:29  \\/  ___)| |_)| | | | | || (_| |  ) ) ) )
2023-12-30 11:39:29   '  |____| .__|_| |_|_| |_\__, | / / / /
2023-12-30 11:39:29  =========|_|==============|___/=/_/_/_/
2023-12-30 11:39:29  :: Spring Boot ::                (v3.1.3)
2023-12-30 11:39:29 
2023-12-30 11:39:29 2023-12-30T16:39:29.833Z  INFO 1 --- [  restartedMain] c.e.accounts.AccountsApplication         : Starting AccountsApplication using Java 17.0.9 with PID 1 (/app/classes started by root in /)
2023-12-30 11:39:29 2023-12-30T16:39:29.838Z  INFO 1 --- [  restartedMain] c.e.accounts.AccountsApplication         : The following 1 profile is active: "default"
2023-12-30 11:39:30 2023-12-30T16:39:30.030Z  INFO 1 --- [  restartedMain] o.s.c.c.c.ConfigServerConfigDataLoader   : Fetching config from server at : http://configserver:8071/
2023-12-30 11:39:30 2023-12-30T16:39:30.030Z  INFO 1 --- [  restartedMain] o.s.c.c.c.ConfigServerConfigDataLoader   : Located environment: name=accounts, profiles=[default], label=null, version=a718ea09891c741b1d8545cecc3fde6c7b262a51, state=null
2023-12-30 11:39:30 2023-12-30T16:39:30.031Z  INFO 1 --- [  restartedMain] o.s.c.c.c.ConfigServerConfigDataLoader   : Fetching config from server at : http://localhost:8071/
2023-12-30 11:39:30 2023-12-30T16:39:30.031Z  INFO 1 --- [  restartedMain] o.s.c.c.c.ConfigServerConfigDataLoader   : Exception on Url - http://localhost:8071/:org.springframework.web.client.ResourceAccessException: I/O error on GET request for "http://localhost:8071/accounts/default": Connection refused. Will be trying the next url if available
2023-12-30 11:39:30 2023-12-30T16:39:30.031Z  WARN 1 --- [  restartedMain] o.s.c.c.c.ConfigServerConfigDataLoader   : Could not locate PropertySource ([ConfigServerConfigDataResource@39f3b87d uris = array<String>['http://localhost:8071/'], optional = true, profiles = 'default']): I/O error on GET request for "http://localhost:8071/accounts/default": Connection refused
2023-12-30 11:39:30 2023-12-30T16:39:30.031Z  INFO 1 --- [  restartedMain] o.s.c.c.c.ConfigServerConfigDataLoader   : Fetching config from server at : http://localhost:8071/
2023-12-30 11:39:30 2023-12-30T16:39:30.031Z  INFO 1 --- [  restartedMain] o.s.c.c.c.ConfigServerConfigDataLoader   : Exception on Url - http://localhost:8071/:org.springframework.web.client.ResourceAccessException: I/O error on GET request for "http://localhost:8071/accounts/default": Connection refused. Will be trying the next url if available
2023-12-30 11:39:30 2023-12-30T16:39:30.031Z  WARN 1 --- [  restartedMain] o.s.c.c.c.ConfigServerConfigDataLoader   : Could not locate PropertySource ([ConfigServerConfigDataResource@6c9c34cd uris = array<String>['http://localhost:8071/'], optional = true, profiles = 'default']): I/O error on GET request for "http://localhost:8071/accounts/default": Connection refused
2023-12-30 11:39:30 2023-12-30T16:39:30.031Z  INFO 1 --- [  restartedMain] o.s.c.c.c.ConfigServerConfigDataLoader   : Fetching config from server at : http://localhost:8071/
2023-12-30 11:39:30 2023-12-30T16:39:30.031Z  INFO 1 --- [  restartedMain] o.s.c.c.c.ConfigServerConfigDataLoader   : Exception on Url - http://localhost:8071/:org.springframework.web.client.ResourceAccessException: I/O error on GET request for "http://localhost:8071/accounts/default": Connection refused. Will be trying the next url if available
2023-12-30 11:39:30 2023-12-30T16:39:30.031Z  WARN 1 --- [  restartedMain] o.s.c.c.c.ConfigServerConfigDataLoader   : Could not locate PropertySource ([ConfigServerConfigDataResource@2e475938 uris = array<String>['http://localhost:8071/'], optional = true, profiles = 'default']): I/O error on GET request for "http://localhost:8071/accounts/default": Connection refused
2023-12-30 11:39:30 2023-12-30T16:39:30.041Z  INFO 1 --- [  restartedMain] .e.DevToolsPropertyDefaultsPostProcessor : Devtools property defaults active! Set 'spring.devtools.add-properties' to 'false' to disable
2023-12-30 11:39:30 2023-12-30T16:39:30.042Z  INFO 1 --- [  restartedMain] .e.DevToolsPropertyDefaultsPostProcessor : For additional web related logging consider setting the 'logging.level.web' property to 'DEBUG'
2023-12-30 11:39:33 2023-12-30T16:39:33.729Z  INFO 1 --- [  restartedMain] .s.d.r.c.RepositoryConfigurationDelegate : Bootstrapping Spring Data JPA repositories in DEFAULT mode.
2023-12-30 11:39:34 2023-12-30T16:39:34.058Z  INFO 1 --- [  restartedMain] .s.d.r.c.RepositoryConfigurationDelegate : Finished Spring Data repository scanning in 302 ms. Found 2 JPA repository interfaces.
2023-12-30 11:39:34 2023-12-30T16:39:34.473Z  INFO 1 --- [  restartedMain] faultConfiguringBeanFactoryPostProcessor : No bean named 'errorChannel' has been explicitly defined. Therefore, a default PublishSubscribeChannel will be created.
2023-12-30 11:39:34 2023-12-30T16:39:34.497Z  INFO 1 --- [  restartedMain] faultConfiguringBeanFactoryPostProcessor : No bean named 'integrationHeaderChannelRegistry' has been explicitly defined. Therefore, a default DefaultHeaderChannelRegistry will be created.
2023-12-30 11:39:34 2023-12-30T16:39:34.790Z  INFO 1 --- [  restartedMain] o.s.cloud.context.scope.GenericScope     : BeanFactory id=f299f5e8-96ac-32c4-9e67-652efda466db
2023-12-30 11:39:36 2023-12-30T16:39:36.934Z  INFO 1 --- [  restartedMain] o.s.b.w.embedded.tomcat.TomcatWebServer  : Tomcat initialized with port(s): 8080 (http)
2023-12-30 11:39:36 2023-12-30T16:39:36.952Z  INFO 1 --- [  restartedMain] o.apache.catalina.core.StandardService   : Starting service [Tomcat]
2023-12-30 11:39:36 2023-12-30T16:39:36.953Z  INFO 1 --- [  restartedMain] o.apache.catalina.core.StandardEngine    : Starting Servlet engine: [Apache Tomcat/10.1.12]
2023-12-30 11:39:37 2023-12-30T16:39:37.096Z  INFO 1 --- [  restartedMain] o.a.c.c.C.[Tomcat].[localhost].[/]       : Initializing Spring embedded WebApplicationContext
2023-12-30 11:39:37 2023-12-30T16:39:37.101Z  INFO 1 --- [  restartedMain] w.s.c.ServletWebServerApplicationContext : Root WebApplicationContext: initialization completed in 7055 ms
2023-12-30 11:39:37 2023-12-30T16:39:37.421Z  INFO 1 --- [  restartedMain] com.zaxxer.hikari.HikariDataSource       : HikariPool-1 - Starting...
2023-12-30 11:39:37 2023-12-30T16:39:37.791Z  INFO 1 --- [  restartedMain] com.zaxxer.hikari.pool.HikariPool        : HikariPool-1 - Added connection conn0: url=jdbc:h2:mem:testdb user=SA
2023-12-30 11:39:37 2023-12-30T16:39:37.796Z  INFO 1 --- [  restartedMain] com.zaxxer.hikari.HikariDataSource       : HikariPool-1 - Start completed.
2023-12-30 11:39:37 2023-12-30T16:39:37.842Z  INFO 1 --- [  restartedMain] o.s.b.a.h2.H2ConsoleAutoConfiguration    : H2 console available at '/h2-console'. Database available at 'jdbc:h2:mem:testdb'
2023-12-30 11:39:38 2023-12-30T16:39:38.449Z  INFO 1 --- [  restartedMain] o.hibernate.jpa.internal.util.LogHelper  : HHH000204: Processing PersistenceUnitInfo [name: default]
2023-12-30 11:39:38 2023-12-30T16:39:38.516Z  INFO 1 --- [  restartedMain] org.hibernate.Version                    : HHH000412: Hibernate ORM core version 6.2.7.Final
2023-12-30 11:39:38 2023-12-30T16:39:38.519Z  INFO 1 --- [  restartedMain] org.hibernate.cfg.Environment            : HHH000406: Using bytecode reflection optimizer
2023-12-30 11:39:38 2023-12-30T16:39:38.722Z  INFO 1 --- [  restartedMain] o.h.b.i.BytecodeProviderInitiator        : HHH000021: Bytecode provider name : bytebuddy
2023-12-30 11:39:38 2023-12-30T16:39:38.940Z  INFO 1 --- [  restartedMain] o.s.o.j.p.SpringPersistenceUnitInfo      : No LoadTimeWeaver setup: ignoring JPA class transformer
2023-12-30 11:39:39 2023-12-30T16:39:39.370Z  INFO 1 --- [  restartedMain] o.h.b.i.BytecodeProviderInitiator        : HHH000021: Bytecode provider name : bytebuddy
2023-12-30 11:39:40 2023-12-30T16:39:40.846Z  INFO 1 --- [  restartedMain] o.h.e.t.j.p.i.JtaPlatformInitiator       : HHH000490: Using JtaPlatform implementation: [org.hibernate.engine.transaction.jta.platform.internal.NoJtaPlatform]
2023-12-30 11:39:40 Hibernate: alter table if exists accounts alter column account_number set data type bigint
2023-12-30 11:39:40 Hibernate: alter table if exists accounts alter column created_at set data type timestamp(6)
2023-12-30 11:39:40 Hibernate: alter table if exists accounts alter column created_by set data type varchar(255)
2023-12-30 11:39:40 Hibernate: alter table if exists accounts alter column updated_at set data type timestamp(6)
2023-12-30 11:39:41 Hibernate: alter table if exists accounts alter column updated_by set data type varchar(255)
2023-12-30 11:39:41 Hibernate: alter table if exists accounts alter column account_type set data type varchar(255)
2023-12-30 11:39:41 Hibernate: alter table if exists accounts alter column branch_address set data type varchar(255)
2023-12-30 11:39:41 Hibernate: alter table if exists accounts alter column customer_id set data type bigint
2023-12-30 11:39:41 Hibernate: alter table if exists customer alter column customer_id set data type bigint
2023-12-30 11:39:41 Hibernate: alter table if exists customer alter column created_at set data type timestamp(6)
2023-12-30 11:39:41 Hibernate: alter table if exists customer alter column created_by set data type varchar(255)
2023-12-30 11:39:41 Hibernate: alter table if exists customer alter column updated_at set data type timestamp(6)
2023-12-30 11:39:41 Hibernate: alter table if exists customer alter column updated_by set data type varchar(255)
2023-12-30 11:39:41 Hibernate: alter table if exists customer alter column email set data type varchar(255)
2023-12-30 11:39:41 Hibernate: alter table if exists customer alter column mobile_number set data type varchar(255)
2023-12-30 11:39:41 Hibernate: alter table if exists customer alter column name set data type varchar(255)
2023-12-30 11:39:41 2023-12-30T16:39:41.072Z  INFO 1 --- [  restartedMain] j.LocalContainerEntityManagerFactoryBean : Initialized JPA EntityManagerFactory for persistence unit 'default'
2023-12-30 11:39:42 2023-12-30T16:39:42.698Z  WARN 1 --- [  restartedMain] JpaBaseConfiguration$JpaWebConfiguration : spring.jpa.open-in-view is enabled by default. Therefore, database queries may be performed during view rendering. Explicitly configure spring.jpa.open-in-view to disable this warning
2023-12-30 11:39:45 2023-12-30T16:39:45.191Z  INFO 1 --- [  restartedMain] o.s.c.s.m.DirectWithAttributesChannel    : Channel 'accounts.springCloudBusInput' has 1 subscriber(s).
2023-12-30 11:39:45 2023-12-30T16:39:45.617Z  INFO 1 --- [  restartedMain] o.s.b.d.a.OptionalLiveReloadServer       : LiveReload server is running on port 35729
2023-12-30 11:39:45 2023-12-30T16:39:45.706Z  INFO 1 --- [  restartedMain] o.s.b.a.e.web.EndpointLinksResolver      : Exposing 21 endpoint(s) beneath base path '/actuator'
2023-12-30 11:39:45 2023-12-30T16:39:45.981Z  INFO 1 --- [  restartedMain] o.s.i.endpoint.EventDrivenConsumer       : Adding {logging-channel-adapter:_org.springframework.integration.errorLogger} as a subscriber to the 'errorChannel' channel
2023-12-30 11:39:45 2023-12-30T16:39:45.981Z  INFO 1 --- [  restartedMain] o.s.i.channel.PublishSubscribeChannel    : Channel 'accounts.errorChannel' has 1 subscriber(s).
2023-12-30 11:39:45 2023-12-30T16:39:45.982Z  INFO 1 --- [  restartedMain] o.s.i.endpoint.EventDrivenConsumer       : started bean '_org.springframework.integration.errorLogger'
2023-12-30 11:39:46 2023-12-30T16:39:46.026Z  INFO 1 --- [  restartedMain] o.s.b.w.embedded.tomcat.TomcatWebServer  : Tomcat started on port(s): 8080 (http) with context path ''
2023-12-30 11:39:46 2023-12-30T16:39:46.034Z  INFO 1 --- [  restartedMain] o.s.c.s.binder.DefaultBinderFactory      : Creating binder: rabbit
2023-12-30 11:39:46 2023-12-30T16:39:46.035Z  INFO 1 --- [  restartedMain] o.s.c.s.binder.DefaultBinderFactory      : Constructing binder child context for rabbit
2023-12-30 11:39:46 2023-12-30T16:39:46.242Z  INFO 1 --- [  restartedMain] o.s.c.s.binder.DefaultBinderFactory      : Caching the binder: rabbit
2023-12-30 11:39:46 2023-12-30T16:39:46.330Z  INFO 1 --- [  restartedMain] c.s.b.r.p.RabbitExchangeQueueProvisioner : declaring queue for inbound: springCloudBus.anonymous.k4x-Vm3SSF6DdHv5NJynDg, bound to: springCloudBus
2023-12-30 11:39:46 2023-12-30T16:39:46.340Z  INFO 1 --- [  restartedMain] o.s.a.r.c.CachingConnectionFactory       : Attempting to connect to: [rabbit:5672]
2023-12-30 11:39:46 2023-12-30T16:39:46.417Z  INFO 1 --- [  restartedMain] o.s.a.r.c.CachingConnectionFactory       : Created new connection: rabbitConnectionFactory#32dd8f13:0/SimpleConnection@2719baad [delegate=amqp://guest@172.30.0.2:5672/, localPort=39178]
2023-12-30 11:39:46 2023-12-30T16:39:46.507Z  INFO 1 --- [  restartedMain] o.s.c.stream.binder.BinderErrorChannel   : Channel 'rabbit-850274308.springCloudBusInput.errors' has 1 subscriber(s).
2023-12-30 11:39:46 2023-12-30T16:39:46.510Z  INFO 1 --- [  restartedMain] o.s.c.stream.binder.BinderErrorChannel   : Channel 'rabbit-850274308.springCloudBusInput.errors' has 2 subscriber(s).
2023-12-30 11:39:46 2023-12-30T16:39:46.548Z  INFO 1 --- [  restartedMain] o.s.i.a.i.AmqpInboundChannelAdapter      : started bean 'inbound.springCloudBus.anonymous.k4x-Vm3SSF6DdHv5NJynDg'
2023-12-30 11:39:46 2023-12-30T16:39:46.644Z  INFO 1 --- [  restartedMain] c.e.accounts.AccountsApplication         : Started AccountsApplication in 18.983 seconds (process running for 20.087)
2023-12-30 11:43:16 2023-12-30T16:43:16.069Z  INFO 1 --- [nio-8080-exec-1] o.a.c.c.C.[Tomcat].[localhost].[/]       : Initializing Spring DispatcherServlet 'dispatcherServlet'
2023-12-30 11:43:16 2023-12-30T16:43:16.069Z  INFO 1 --- [nio-8080-exec-1] o.s.web.servlet.DispatcherServlet        : Initializing Servlet 'dispatcherServlet'
2023-12-30 11:43:16 2023-12-30T16:43:16.072Z  INFO 1 --- [nio-8080-exec-1] o.s.web.servlet.DispatcherServlet        : Completed initialization in 3 ms
2023-12-30 11:43:51 Hibernate: select c1_0.customer_id,c1_0.created_at,c1_0.created_by,c1_0.email,c1_0.mobile_number,c1_0.name,c1_0.updated_at,c1_0.updated_by from customer c1_0 where c1_0.mobile_number=?
2023-12-30 11:43:51 Hibernate: insert into customer (created_at,created_by,email,mobile_number,name,customer_id) values (?,?,?,?,?,default)
2023-12-30 11:43:51 Hibernate: select a1_0.account_number,a1_0.account_type,a1_0.branch_address,a1_0.created_at,a1_0.created_by,a1_0.customer_id,a1_0.updated_at,a1_0.updated_by from accounts a1_0 where a1_0.account_number=?
2023-12-30 11:43:51 Hibernate: insert into accounts (account_type,branch_address,created_at,created_by,customer_id,account_number) values (?,?,?,?,?,?)
2023-12-30 11:43:57 Hibernate: select c1_0.customer_id,c1_0.created_at,c1_0.created_by,c1_0.email,c1_0.mobile_number,c1_0.name,c1_0.updated_at,c1_0.updated_by from customer c1_0 where c1_0.mobile_number=?
2023-12-30 11:43:57 Hibernate: select a1_0.account_number,a1_0.account_type,a1_0.branch_address,a1_0.created_at,a1_0.created_by,a1_0.customer_id,a1_0.updated_at,a1_0.updated_by from accounts a1_0 where a1_0.customer_id=?